Change Component Designator: OldDesignator=J? NewDesignator=C-USB
Added Component: Designator=C1(CAPC1608X87N)
Add component (AddParameter): Name = "Availability"; Value = "Unavailable"; VariantName = "[No Variations]"
Add component (AddParameter): Name = "MF"; Value = "Multicomp"; VariantName = "[No Variations]"
Add component (AddParameter): Name = "MP"; Value = "MC0603B105K160CT"; VariantName = "[No Variations]"
Add component (AddParameter): Name = "Package"; Value = "0603 Multicomp"; VariantName = "[No Variations]"
Add component (AddParameter): Name = "Price"; Value = "None"; VariantName = "[No Variations]"
Add component (AddParameter): Name = "SnapEDA_Link"; Value = "https://www.snapeda.com/parts/MC0603B105K160CT/Multicomp/view-part/276886/?ref=snap"; VariantName = "[No Variations]"
Add component (AddParameter): Name = "Value"; Value = ""; VariantName = "[No Variations]"
Added Component: Designator=C2(CAPC1608X87N)
Add component (AddParameter): Name = "Availability"; Value = "Unavailable"; VariantName = "[No Variations]"
Add component (AddParameter): Name = "MF"; Value = "Multicomp"; VariantName = "[No Variations]"
Add component (AddParameter): Name = "MP"; Value = "MC0603B105K160CT"; VariantName = "[No Variations]"
Add component (AddParameter): Name = "Package"; Value = "0603 Multicomp"; VariantName = "[No Variations]"
Add component (AddParameter): Name = "Price"; Value = "None"; VariantName = "[No Variations]"
Add component (AddParameter): Name = "SnapEDA_Link"; Value = "https://www.snapeda.com/parts/MC0603B105K160CT/Multicomp/view-part/276886/?ref=snap"; VariantName = "[No Variations]"
Add component (AddParameter): Name = "Value"; Value = ""; VariantName = "[No Variations]"
Added Component: Designator=C_1(CAPC4532X254N)
Add component (AddParameter): Name = "Availability"; Value = "Warning"; VariantName = "[No Variations]"
Add component (AddParameter): Name = "Check_prices"; Value = "https://www.snapeda.com/parts/1812PC334KAT1A/AVX/view-part/607553/?ref=eda"; VariantName = "[No Variations]"
Add component (AddParameter): Name = "MF"; Value = "AVX"; VariantName = "[No Variations]"
Add component (AddParameter): Name = "MP"; Value = "1812PC334KAT1A"; VariantName = "[No Variations]"
Add component (AddParameter): Name = "Package"; Value = "1812 AVX"; VariantName = "[No Variations]"
Add component (AddParameter): Name = "Price"; Value = "None"; VariantName = "[No Variations]"
Add component (AddParameter): Name = "Purchase-URL"; Value = "https://pricing.snapeda.com/search/part/1812PC334KAT1A/?ref=eda"; VariantName = "[No Variations]"
Add component (AddParameter): Name = "SnapEDA_Link"; Value = "https://www.snapeda.com/parts/1812PC334KAT1A/AVX/view-part/607553/?ref=snap"; VariantName = "[No Variations]"
Add component (AddParameter): Name = "Value"; Value = ""; VariantName = "[No Variations]"
Added Component: Designator=C_2(CAPC4532X254N)
Add component (AddParameter): Name = "Availability"; Value = "Warning"; VariantName = "[No Variations]"
Add component (AddParameter): Name = "Check_prices"; Value = "https://www.snapeda.com/parts/1812PC334KAT1A/AVX/view-part/607553/?ref=eda"; VariantName = "[No Variations]"
Add component (AddParameter): Name = "MF"; Value = "AVX"; VariantName = "[No Variations]"
Add component (AddParameter): Name = "MP"; Value = "1812PC334KAT1A"; VariantName = "[No Variations]"
Add component (AddParameter): Name = "Package"; Value = "1812 AVX"; VariantName = "[No Variations]"
Add component (AddParameter): Name = "Price"; Value = "None"; VariantName = "[No Variations]"
Add component (AddParameter): Name = "Purchase-URL"; Value = "https://pricing.snapeda.com/search/part/1812PC334KAT1A/?ref=eda"; VariantName = "[No Variations]"
Add component (AddParameter): Name = "SnapEDA_Link"; Value = "https://www.snapeda.com/parts/1812PC334KAT1A/AVX/view-part/607553/?ref=snap"; VariantName = "[No Variations]"
Add component (AddParameter): Name = "Value"; Value = ""; VariantName = "[No Variations]"
Add Component: Footprint Not Found DO-214AC
Added Component: Designator=IC1(SOT23-6)
Add component (AddParameter): Name = "Availability"; Value = "Unavailable"; VariantName = "[No Variations]"
Add component (AddParameter): Name = "MF"; Value = "Fortune Semiconductor"; VariantName = "[No Variations]"
Add component (AddParameter): Name = "MP"; Value = "DW01A"; VariantName = "[No Variations]"
Add component (AddParameter): Name = "Package"; Value = "Package Analog Devices"; VariantName = "[No Variations]"
Add component (AddParameter): Name = "Price"; Value = "None"; VariantName = "[No Variations]"
Add component (AddParameter): Name = "SnapEDA_Link"; Value = "https://www.snapeda.com/parts/DW01A/Fortune%20Semiconductor/view-part/4388554/?ref=snap"; VariantName = "[No Variations]"
Add component (AddParameter): Name = "Value"; Value = ""; VariantName = "[No Variations]"
Added Component: Designator=L(INDM7676X435N)
Add component (AddParameter): Name = "Availability"; Value = "Unavailable"; VariantName = "[No Variations]"
Add component (AddParameter): Name = "MF"; Value = "Eaton"; VariantName = "[No Variations]"
Add component (AddParameter): Name = "MP"; Value = "DR74-2R2-R"; VariantName = "[No Variations]"
Add component (AddParameter): Name = "Package"; Value = "Nonstandard Eaton"; VariantName = "[No Variations]"
Add component (AddParameter): Name = "Price"; Value = "None"; VariantName = "[No Variations]"
Add component (AddParameter): Name = "SnapEDA_Link"; Value = "https://www.snapeda.com/parts/DR74-2R2-R/Eaton/view-part/2774133/?ref=snap"; VariantName = "[No Variations]"
Add component (AddParameter): Name = "Value"; Value = ""; VariantName = "[No Variations]"
Added Component: Designator=Q1(SOP65P640X120-8N)
Add component (AddParameter): Name = "Availability"; Value = "Unavailable"; VariantName = "[No Variations]"
Add component (AddParameter): Name = "MF"; Value = "Fortune Semiconductor"; VariantName = "[No Variations]"
Add component (AddParameter): Name = "MP"; Value = "FS8205A"; VariantName = "[No Variations]"
Add component (AddParameter): Name = "Package"; Value = "Package Analog Devices"; VariantName = "[No Variations]"
Add component (AddParameter): Name = "Price"; Value = "None"; VariantName = "[No Variations]"
Add component (AddParameter): Name = "SnapEDA_Link"; Value = "https://www.snapeda.com/parts/FS8205A/Fortune%20Semiconductor/view-part/3217108/?ref=snap"; VariantName = "[No Variations]"
Add component (AddParameter): Name = "Value"; Value = ""; VariantName = "[No Variations]"
Added Component: Designator=R10(RESC1608X50N)
Add component (AddParameter): Name = "Availability"; Value = "Unavailable"; VariantName = "[No Variations]"
Add component (AddParameter): Name = "MF"; Value = "TE Connectivity"; VariantName = "[No Variations]"
Add component (AddParameter): Name = "MP"; Value = "RP73D1J13RBTDG"; VariantName = "[No Variations]"
Add component (AddParameter): Name = "Package"; Value = "0603 TE Connectivity / AMP"; VariantName = "[No Variations]"
Add component (AddParameter): Name = "Price"; Value = "None"; VariantName = "[No Variations]"
Add component (AddParameter): Name = "SnapEDA_Link"; Value = "https://www.snapeda.com/parts/RP73D1J13RBTDG/TE%20Connectivity/view-part/970906/?ref=snap"; VariantName = "[No Variations]"
Add component (AddParameter): Name = "TE_purchase_URL"; Value = "https://www.te.com/usa-en/product-RP73D1J13RBTDG.html?te_bu=Cor&te_type=disp&te_campaign=seda_glo_cor-seda-global-disp-prtnr-fy19-seda-model-bom-cta_sma-317_1&elqCampaignId=32493"; VariantName = "[No Variations]"
Add component (AddParameter): Name = "Value"; Value = ""; VariantName = "[No Variations]"
Added Component: Designator=R11(RESC1608X50N)
Add component (AddParameter): Name = "Availability"; Value = "Unavailable"; VariantName = "[No Variations]"
Add component (AddParameter): Name = "MF"; Value = "TE Connectivity"; VariantName = "[No Variations]"
Add component (AddParameter): Name = "MP"; Value = "RP73D1J13RBTDG"; VariantName = "[No Variations]"
Add component (AddParameter): Name = "Package"; Value = "0603 TE Connectivity / AMP"; VariantName = "[No Variations]"
Add component (AddParameter): Name = "Price"; Value = "None"; VariantName = "[No Variations]"
Add component (AddParameter): Name = "SnapEDA_Link"; Value = "https://www.snapeda.com/parts/RP73D1J13RBTDG/TE%20Connectivity/view-part/970906/?ref=snap"; VariantName = "[No Variations]"
Add component (AddParameter): Name = "TE_purchase_URL"; Value = "https://www.te.com/usa-en/product-RP73D1J13RBTDG.html?te_bu=Cor&te_type=disp&te_campaign=seda_glo_cor-seda-global-disp-prtnr-fy19-seda-model-bom-cta_sma-317_1&elqCampaignId=32493"; VariantName = "[No Variations]"
Add component (AddParameter): Name = "Value"; Value = ""; VariantName = "[No Variations]"
Added Component: Designator=R12(RESC1608X50N)
Add component (AddParameter): Name = "Availability"; Value = "Unavailable"; VariantName = "[No Variations]"
Add component (AddParameter): Name = "MF"; Value = "TE Connectivity"; VariantName = "[No Variations]"
Add component (AddParameter): Name = "MP"; Value = "RP73D1J13RBTDG"; VariantName = "[No Variations]"
Add component (AddParameter): Name = "Package"; Value = "0603 TE Connectivity / AMP"; VariantName = "[No Variations]"
Add component (AddParameter): Name = "Price"; Value = "None"; VariantName = "[No Variations]"
Add component (AddParameter): Name = "SnapEDA_Link"; Value = "https://www.snapeda.com/parts/RP73D1J13RBTDG/TE%20Connectivity/view-part/970906/?ref=snap"; VariantName = "[No Variations]"
Add component (AddParameter): Name = "TE_purchase_URL"; Value = "https://www.te.com/usa-en/product-RP73D1J13RBTDG.html?te_bu=Cor&te_type=disp&te_campaign=seda_glo_cor-seda-global-disp-prtnr-fy19-seda-model-bom-cta_sma-317_1&elqCampaignId=32493"; VariantName = "[No Variations]"
Add component (AddParameter): Name = "Value"; Value = ""; VariantName = "[No Variations]"
Added Component: Designator=R22(RESC1608X50N)
Add component (AddParameter): Name = "Availability"; Value = "Unavailable"; VariantName = "[No Variations]"
Add component (AddParameter): Name = "MF"; Value = "TE Connectivity"; VariantName = "[No Variations]"
Add component (AddParameter): Name = "MP"; Value = "RP73D1J13RBTDG"; VariantName = "[No Variations]"
Add component (AddParameter): Name = "Package"; Value = "0603 TE Connectivity / AMP"; VariantName = "[No Variations]"
Add component (AddParameter): Name = "Price"; Value = "None"; VariantName = "[No Variations]"
Add component (AddParameter): Name = "SnapEDA_Link"; Value = "https://www.snapeda.com/parts/RP73D1J13RBTDG/TE%20Connectivity/view-part/970906/?ref=snap"; VariantName = "[No Variations]"
Add component (AddParameter): Name = "TE_purchase_URL"; Value = "https://www.te.com/usa-en/product-RP73D1J13RBTDG.html?te_bu=Cor&te_type=disp&te_campaign=seda_glo_cor-seda-global-disp-prtnr-fy19-seda-model-bom-cta_sma-317_1&elqCampaignId=32493"; VariantName = "[No Variations]"
Add component (AddParameter): Name = "Value"; Value = ""; VariantName = "[No Variations]"
Added Component: Designator=R23(RESC1608X50N)
Add component (AddParameter): Name = "Availability"; Value = "Unavailable"; VariantName = "[No Variations]"
Add component (AddParameter): Name = "MF"; Value = "TE Connectivity"; VariantName = "[No Variations]"
Add component (AddParameter): Name = "MP"; Value = "RP73D1J13RBTDG"; VariantName = "[No Variations]"
Add component (AddParameter): Name = "Package"; Value = "0603 TE Connectivity / AMP"; VariantName = "[No Variations]"
Add component (AddParameter): Name = "Price"; Value = "None"; VariantName = "[No Variations]"
Add component (AddParameter): Name = "SnapEDA_Link"; Value = "https://www.snapeda.com/parts/RP73D1J13RBTDG/TE%20Connectivity/view-part/970906/?ref=snap"; VariantName = "[No Variations]"
Add component (AddParameter): Name = "TE_purchase_URL"; Value = "https://www.te.com/usa-en/product-RP73D1J13RBTDG.html?te_bu=Cor&te_type=disp&te_campaign=seda_glo_cor-seda-global-disp-prtnr-fy19-seda-model-bom-cta_sma-317_1&elqCampaignId=32493"; VariantName = "[No Variations]"
Add component (AddParameter): Name = "Value"; Value = ""; VariantName = "[No Variations]"
Added Component: Designator=U(SOT95P280X145-6N)
Add component (AddParameter): Name = "Availability"; Value = "Unavailable"; VariantName = "[No Variations]"
Add component (AddParameter): Name = "MF"; Value = "Aerosemi Technology Co., Ltd"; VariantName = "[No Variations]"
Add component (AddParameter): Name = "MP"; Value = "MT3608"; VariantName = "[No Variations]"
Add component (AddParameter): Name = "Package"; Value = "Package Analog Devices"; VariantName = "[No Variations]"
Add component (AddParameter): Name = "Price"; Value = "None"; VariantName = "[No Variations]"
Add component (AddParameter): Name = "SnapEDA_Link"; Value = "https://www.snapeda.com/parts/MT3608/Aerosemi%20Technology%20Co.%2C%20Ltd/view-part/3218014/?ref=snap"; VariantName = "[No Variations]"
Add component (AddParameter): Name = "Value"; Value = ""; VariantName = "[No Variations]"
Added Pin To Net: NetName=NetC1_1 Pin=C1-1
Added Pin To Net: NetName=NetC1_2 Pin=C1-2
Added Pin To Net: NetName=NetC2_1 Pin=C2-1
Added Pin To Net: NetName=GND Pin=C2-2
Added Pin To Net: NetName=GND Pin=C-USB-A12
Added Pin To Net: NetName=GND Pin=C-USB-B12
Added Pin To Net: NetName=GND Pin=C_1-1
Added Pin To Net: NetName=GND Pin=C_2-1
Add Pin To Net: Unknown Pin: Pin D?-A
Added Pin To Net: NetName=NetIC1_1 Pin=IC1-1
Added Pin To Net: NetName=NetIC1_2 Pin=IC1-2
Added Pin To Net: NetName=NetIC1_3 Pin=IC1-3
Added Pin To Net: NetName=NetC1_1 Pin=IC1-5
Added Pin To Net: NetName=NetC1_2 Pin=IC1-6
Added Pin To Net: NetName=NetD?_A Pin=L-1
Added Pin To Net: NetName=NetQ1_1 Pin=Q1-1
Added Pin To Net: NetName=NetC1_2 Pin=Q1-2
Added Pin To Net: NetName=NetC1_2 Pin=Q1-3
Added Pin To Net: NetName=NetIC1_1 Pin=Q1-4
Added Pin To Net: NetName=NetIC1_3 Pin=Q1-5
Added Pin To Net: NetName=GND Pin=Q1-6
Added Pin To Net: NetName=GND Pin=Q1-7
Added Pin To Net: NetName=NetQ1_1 Pin=Q1-8
Added Pin To Net: NetName=GND Pin=R12-2
Added Pin To Net: NetName=NetC1_1 Pin=R22-1
Added Pin To Net: NetName=NetC2_1 Pin=R22-2
Added Pin To Net: NetName=GND Pin=R23-1
Added Pin To Net: NetName=NetIC1_2 Pin=R23-2
Added Pin To Net: NetName=NetD?_A Pin=U-1
Added Pin To Net: NetName=GND Pin=U-2
Added Pin To Net: NetName=NetC-USB_A9 Pin=C-USB-A9
Added Pin To Net: NetName=NetC-USB_A9 Pin=C-USB-B9
Added Pin To Net: NetName=NetC-USB_A9 Pin=C_2-2
Added Pin To Net: NetName=NetC-USB_A9 Pin=R11-1
Added Net: Name=NetC-USB_A9
Added Pin To Net: NetName=NetC_1_2 Pin=C_1-2
Added Pin To Net: NetName=NetC_1_2 Pin=L-2
Added Pin To Net: NetName=NetC_1_2 Pin=PIN_BAT3-1
Added Pin To Net: NetName=NetC_1_2 Pin=R10-2
Added Pin To Net: NetName=NetC_1_2 Pin=U-5
Added Pin To Net: NetName=NetC_1_2 Pin=U3-5
Added Net: Name=NetC_1_2
Added Pin To Net: NetName=NetR10_1 Pin=R10-1
Added Pin To Net: NetName=NetR10_1 Pin=U-4
Added Net: Name=NetR10_1
Added Pin To Net: NetName=NetR11_2 Pin=R11-2
Added Pin To Net: NetName=NetR11_2 Pin=R12-1
Added Pin To Net: NetName=NetR11_2 Pin=U-3
Added Net: Name=NetR11_2
Added Member To Class: ClassName=proteccionBat Member=Component C1 100nF
Added Member To Class: ClassName=proteccionBat Member=Component C2 10uF
Added Member To Class: ClassName=schematicCharger Member=Component C-USB USB4125-GF-A_REVA
Added Member To Class: ClassName=schematicCharger Member=Component C_1 22uF
Added Member To Class: ClassName=schematicCharger Member=Component C_2 47uF
Add Class Member: Failed to add class member : Component D? SS14
Added Member To Class: ClassName=proteccionBat Member=Component IC1 DW01A
Added Member To Class: ClassName=schematicCharger Member=Component L 220uH
Added Member To Class: ClassName=proteccionBat Member=Component Q1 FS8205A
Added Member To Class: ClassName=schematicCharger Member=Component R10 1k
Added Member To Class: ClassName=schematicCharger Member=Component R11 7.5
Added Member To Class: ClassName=schematicCharger Member=Component R12 1k
Added Member To Class: ClassName=proteccionBat Member=Component R22 100
Added Member To Class: ClassName=proteccionBat Member=Component R23 1k
Added Member To Class: ClassName=schematicCharger Member=Component U MT3608
Added Room: Name=proteccionBat
Added Room: Name=schematicCharger
