Removed Pin From Net: NetName=NetD?_10 Pin=U1-1
Removed Pin From Net: NetName=GND Pin=U1-2
Removed Pin From Net: NetName=GND Pin=U1-3
Removed Pin From Net: NetName=VDD Pin=U1-7
Removed Pin From Net: NetName=VDD Pin=U1-8
Removed Pin From Net: NetName=NetFL2_1 Pin=U1-9
Removed Pin From Net: NetName=NetFL1_1 Pin=U1-10
Removed Pin From Net: NetName=GND Pin=U1-11
Removed Pin From Net: NetName=NetD?_11 Pin=U1-14
Removed Pin From Net: NetName=GND Pin=U1-15
Removed Pin From Net: NetName=NetD?_12 Pin=U1-16
Removed Pin From Net: NetName=GND Pin=U1-17
Removed Member From Class: ClassName=SCH_tx Member=U1
Added Pin To Net: NetName=VDD Pin=C2_10uF-1
Added Pin To Net: NetName=NetD?_10 Pin=U-1
Added Pin To Net: NetName=GND Pin=U-3
Added Pin To Net: NetName=GND Pin=U-4
Added Pin To Net: NetName=VDD Pin=U-7
Added Pin To Net: NetName=VDD Pin=U-8
Added Pin To Net: NetName=NetFL2_1 Pin=U-9
Added Pin To Net: NetName=NetFL1_1 Pin=U-10
Added Pin To Net: NetName=GND Pin=U-11
Added Pin To Net: NetName=GND Pin=U-15
Added Pin To Net: NetName=GND Pin=U-17
