Added Pin To Net: NetName=GND Pin=D1-1
Added Pin To Net: NetName=3v3 Pin=D1-2
Added Pin To Net: NetName=NetC8_1uF_2 Pin=D1-3
Added Pin To Net: NetName=NetB_5_2 Pin=D1-6
Added Pin To Net: NetName=NetB_6_2 Pin=D1-7
Added Pin To Net: NetName=NetD1_8 Pin=D1-8
Added Pin To Net: NetName=NetB_4_2 Pin=D1-9
Added Pin To Net: NetName=NetD1_10 Pin=D1-10
Added Pin To Net: NetName=NetD1_11 Pin=D1-11
Added Pin To Net: NetName=NetD1_12 Pin=D1-12
Added Pin To Net: NetName=NetD1_13 Pin=D1-13
Added Pin To Net: NetName=GND Pin=D1-15
Added Pin To Net: NetName=NetD1_16 Pin=D1-16
Added Pin To Net: NetName=NetD1_23 Pin=D1-23
Added Pin To Net: NetName=NetB_3_2 Pin=D1-24
Added Pin To Net: NetName=NetC9_1uF_2 Pin=D1-25
Added Pin To Net: NetName=NetD1_26 Pin=D1-26
Added Pin To Net: NetName=NetD1_29 Pin=D1-29
Added Pin To Net: NetName=NetD1_30 Pin=D1-30
Added Pin To Net: NetName=NetD1_31 Pin=D1-31
Added Pin To Net: NetName=NetB_1_2 Pin=D1-33
Added Pin To Net: NetName=NetD1_34 Pin=D1-34
Added Pin To Net: NetName=NetD1_35 Pin=D1-35
Added Pin To Net: NetName=NetB_2_2 Pin=D1-36
Added Pin To Net: NetName=NetD1_37 Pin=D1-37
Added Pin To Net: NetName=GND Pin=D1-38
Added Pin To Net: NetName=GND Pin=D1-39
Added Member To Class: ClassName=SCH_tx Member=Component D1 ESP32_MODULE_2
