Added Component: Designator=U1(QFN50P300X300X80-17N)
Add component (AddParameter): Name = "ComponentLink1Description"; Value = "Upverter"; VariantName = "[No Variations]"
Add component (AddParameter): Name = "ComponentLink1URL"; Value = "https://upverter.com/upn/revision/0f54a4b5bdb80fd2/"; VariantName = "[No Variations]"
Add component (AddParameter): Name = "ComponentLink2Description"; Value = "Datasheet"; VariantName = "[No Variations]"
Add component (AddParameter): Name = "ComponentLink2URL"; Value = "http://datasheets.maximintegrated.com/en/ds/MAX98357A-MAX98357B.pdf"; VariantName = "[No Variations]"
Add component (AddParameter): Name = "Digikey Description"; Value = "IC Amplifier IC 2-Channel (Stereo) Class D 16-TQFN (3x3)"; VariantName = "[No Variations]"
Add component (AddParameter): Name = "Digikey Part Number"; Value = "MAX98357AETE+T-ND"; VariantName = "[No Variations]"
Add component (AddParameter): Name = "helpURL"; Value = "https://upverter.com/upn/revision/0f54a4b5bdb80fd2/"; VariantName = "[No Variations]"
Add component (AddParameter): Name = "Lead Free"; Value = "yes"; VariantName = "[No Variations]"
Add component (AddParameter): Name = "Manufacturer"; Value = "Maxim Electronics"; VariantName = "[No Variations]"
Add component (AddParameter): Name = "Mfg Package Ident"; Value = "21-0896"; VariantName = "[No Variations]"
Add component (AddParameter): Name = "Mouser Part Number"; Value = "700-MAX98357AETE+T"; VariantName = "[No Variations]"
Add component (AddParameter): Name = "Package"; Value = "21-0896"; VariantName = "[No Variations]"
Add component (AddParameter): Name = "Part Number"; Value = "MAX98357AETE+T"; VariantName = "[No Variations]"
Add component (AddParameter): Name = "Price"; Value = "1.00367999051"; VariantName = "[No Variations]"
Add component (AddParameter): Name = "RoHS"; Value = "TRUE"; VariantName = "[No Variations]"
Add component (AddParameter): Name = "Supplier 1"; Value = "Digi-Key"; VariantName = "[No Variations]"
Add component (AddParameter): Name = "Supplier 2"; Value = "Mouser"; VariantName = "[No Variations]"
Add component (AddParameter): Name = "Supplier Part Number 1"; Value = "MAX98357AETE+T-ND"; VariantName = "[No Variations]"
Add component (AddParameter): Name = "Supplier Part Number 2"; Value = "700-MAX98357AETE+T"; VariantName = "[No Variations]"
Add component (AddParameter): Name = "Temperature"; Value = "+40°C to +85°C"; VariantName = "[No Variations]"
Add component (AddParameter): Name = "Temperature Range High"; Value = "+85°C"; VariantName = "[No Variations]"
Add component (AddParameter): Name = "Temperature Range Low"; Value = "+40°C"; VariantName = "[No Variations]"
Added Pin To Net: NetName=NetD?_10 Pin=U1-1
Added Pin To Net: NetName=GND Pin=U1-2
Added Pin To Net: NetName=GND Pin=U1-3
Added Pin To Net: NetName=NetR_1M [105]_1 Pin=U1-4
Added Pin To Net: NetName=VDD Pin=U1-7
Added Pin To Net: NetName=VDD Pin=U1-8
Added Pin To Net: NetName=NetFL2_1 Pin=U1-9
Added Pin To Net: NetName=NetFL1_1 Pin=U1-10
Added Pin To Net: NetName=GND Pin=U1-11
Added Pin To Net: NetName=NetD?_11 Pin=U1-14
Added Pin To Net: NetName=GND Pin=U1-15
Added Pin To Net: NetName=NetD?_12 Pin=U1-16
Added Pin To Net: NetName=GND Pin=U1-17
Added Member To Class: ClassName=SCH_tx Member=Component U1
